#
# There is insufficient memory for the Java Runtime Environment to continue.
# Native memory allocation (malloc) failed to allocate 1814416 bytes. Error detail: Chunk::new
# Possible reasons:
#   The system is out of physical RAM or swap space
#   This process is running with CompressedOops enabled, and the Java Heap may be blocking the growth of the native heap
# Possible solutions:
#   Reduce memory load on the system
#   Increase physical memory or swap space
#   Check if swap backing store is full
#   Decrease Java heap size (-Xmx/-Xms)
#   Decrease number of Java threads
#   Decrease Java thread stack sizes (-Xss)
#   Set larger code cache with -XX:ReservedCodeCacheSize=
#   JVM is running with Unscaled Compressed Oops mode in which the Java heap is
#     placed in the first 4GB address space. The Java Heap base address is the
#     maximum limit for the native heap growth. Please use -XX:HeapBaseMinAddress
#     to set the Java Heap base and to place the Java Heap above 4GB virtual address.
# This output file may be truncated or incomplete.
#
#  Out of Memory Error (arena.cpp:168), pid=19516, tid=13884
#
# JRE version: OpenJDK Runtime Environment Temurin-21.0.10+7 (21.0.10+7) (build 21.0.10+7-LTS)
# Java VM: OpenJDK 64-Bit Server VM Temurin-21.0.10+7 (21.0.10+7-LTS, mixed mode, sharing, tiered, compressed oops, compressed class ptrs, parallel gc, windows-amd64)
# No core dump will be written. Minidumps are not enabled by default on client versions of Windows
#

---------------  S U M M A R Y ------------

Command Line: --add-modules=ALL-SYSTEM --add-opens=java.base/java.util=ALL-UNNAMED --add-opens=java.base/java.lang=ALL-UNNAMED --add-opens=java.base/sun.nio.fs=ALL-UNNAMED -Declipse.application=org.eclipse.jdt.ls.core.id1 -Dosgi.bundles.defaultStartLevel=4 -Declipse.product=org.eclipse.jdt.ls.core.product -Djava.import.generatesMetadataFilesAtProjectRoot=false -DDetectVMInstallationsJob.disabled=true -Dfile.encoding=utf8 -XX:+UseParallelGC -XX:GCTimeRatio=4 -XX:AdaptiveSizePolicyWeight=90 -Dsun.zip.disableMemoryMapping=true -Xmx2G -Xms100m -Xlog:disable -javaagent:c:\Users\Mai Hong Loi\.vscode\extensions\redhat.java-1.54.0-win32-x64\lombok\lombok-1.18.39-4050.jar -XX:+HeapDumpOnOutOfMemoryError -XX:HeapDumpPath=c:\Users\Mai Hong Loi\AppData\Roaming\Code\User\workspaceStorage\71c03c04685edd94d5a8405ed45029da\redhat.java -Daether.dependencyCollector.impl=bf c:\Users\Mai Hong Loi\.vscode\extensions\redhat.java-1.54.0-win32-x64\server\plugins\org.eclipse.equinox.launcher_1.7.100.v20251111-0406.jar -configuration c:\Users\Mai Hong Loi\AppData\Roaming\Code\User\globalStorage\redhat.java\1.54.0\config_win -data c:\Users\Mai Hong Loi\AppData\Roaming\Code\User\workspaceStorage\71c03c04685edd94d5a8405ed45029da\redhat.java\jdt_ws --pipe=\\.\pipe\lsp-8ba66104ab9bebff044ca1d95a156e98-sock

Host: 11th Gen Intel(R) Core(TM) i5-1135G7 @ 2.40GHz, 8 cores, 7G,  Windows 11 , 64 bit Build 26100 (10.0.26100.8328)
Time: Thu May 28 19:41:56 2026 SE Asia Standard Time elapsed time: 274.558577 seconds (0d 0h 4m 34s)

---------------  T H R E A D  ---------------

Current thread (0x000001256ceab300):  JavaThread "C2 CompilerThread0" daemon [_thread_in_native, id=13884, stack(0x0000001213a00000,0x0000001213b00000) (1024K)]


Current CompileTask:
C2:274558 12034   !   4       org.eclipse.jdt.internal.core.search.indexing.BinaryIndexer::indexDocument (1172 bytes)

Stack: [0x0000001213a00000,0x0000001213b00000]
Native frames: (J=compiled Java code, j=interpreted, Vv=VM code, C=native code)
V  [jvm.dll+0x6d7a39]
V  [jvm.dll+0x8b4b26]
V  [jvm.dll+0x8b70de]
V  [jvm.dll+0x8b77c3]
V  [jvm.dll+0x284346]
V  [jvm.dll+0xc66ed]
V  [jvm.dll+0xc6c31]
V  [jvm.dll+0x3bec01]
V  [jvm.dll+0x38b162]
V  [jvm.dll+0x38a5aa]
V  [jvm.dll+0x24c560]
V  [jvm.dll+0x24bb40]
V  [jvm.dll+0x1cb34e]
V  [jvm.dll+0x25b85d]
V  [jvm.dll+0x259dea]
V  [jvm.dll+0x3f857e]
V  [jvm.dll+0x85f59d]
V  [jvm.dll+0x6d626d]
C  [ucrtbase.dll+0x37b0]
C  [KERNEL32.DLL+0x2e957]
C  [ntdll.dll+0x427c]


---------------  P R O C E S S  ---------------

Threads class SMR info:
_java_thread_list=0x000001254b314780, length=61, elements={
0x000001256cf38ae0, 0x000001256ce9e700, 0x000001256cea4490, 0x000001256cea5280,
0x000001256cea5ce0, 0x000001256cea6740, 0x000001256cea71a0, 0x000001256ceab300,
0x00000125462a70a0, 0x000001254648adf0, 0x000001254656ad20, 0x000001254b0de320,
0x00000125467d8de0, 0x000001254667c130, 0x000001254662a510, 0x000001254b119200,
0x00000125468ae820, 0x0000012546beed30, 0x0000012546300160, 0x0000012546301ba0,
0x00000125463007f0, 0x0000012546300e80, 0x0000012546302230, 0x0000012546302f50,
0x000001254bfbb020, 0x000001254bfbb6b0, 0x000001254bfb8230, 0x000001254bfb88c0,
0x000001254bfb8f50, 0x000001254bfb95e0, 0x000001254bfba300, 0x000001254bfb9c70,
0x000001254bfba990, 0x000001254beec120, 0x000001254beec7b0, 0x000001254beece40,
0x000001254beeef10, 0x000001254beed4d0, 0x000001254beef5a0, 0x000001254b995520,
0x000001254b997c80, 0x000001254b9968d0, 0x000001254b995bb0, 0x000001254b996240,
0x000001254b998310, 0x000001254cbea680, 0x000001254cbe9960, 0x000001254cbec0c0,
0x000001254cbe9ff0, 0x000001254cbef540, 0x000001254cbed470, 0x000001254cbefbd0,
0x000001254cbee190, 0x000001254cbee820, 0x000001254cbecde0, 0x000001254cbf08f0,
0x0000012546301510, 0x00000125462ffad0, 0x000001254b996f60, 0x000001254b38ada0,
0x000001254b388b90
}

Java Threads: ( => current thread )
  0x000001256cf38ae0 JavaThread "main"                              [_thread_blocked, id=19448, stack(0x0000001213000000,0x0000001213100000) (1024K)]
  0x000001256ce9e700 JavaThread "Reference Handler"          daemon [_thread_blocked, id=21300, stack(0x0000001213400000,0x0000001213500000) (1024K)]
  0x000001256cea4490 JavaThread "Finalizer"                  daemon [_thread_blocked, id=20736, stack(0x0000001213500000,0x0000001213600000) (1024K)]
  0x000001256cea5280 JavaThread "Signal Dispatcher"          daemon [_thread_blocked, id=14280, stack(0x0000001213600000,0x0000001213700000) (1024K)]
  0x000001256cea5ce0 JavaThread "Attach Listener"            daemon [_thread_blocked, id=13964, stack(0x0000001213700000,0x0000001213800000) (1024K)]
  0x000001256cea6740 JavaThread "Service Thread"             daemon [_thread_blocked, id=23056, stack(0x0000001213800000,0x0000001213900000) (1024K)]
  0x000001256cea71a0 JavaThread "Monitor Deflation Thread"   daemon [_thread_blocked, id=21824, stack(0x0000001213900000,0x0000001213a00000) (1024K)]
=>0x000001256ceab300 JavaThread "C2 CompilerThread0"         daemon [_thread_in_native, id=13884, stack(0x0000001213a00000,0x0000001213b00000) (1024K)]
  0x00000125462a70a0 JavaThread "C1 CompilerThread0"         daemon [_thread_blocked, id=12744, stack(0x0000001213b00000,0x0000001213c00000) (1024K)]
  0x000001254648adf0 JavaThread "Common-Cleaner"             daemon [_thread_blocked, id=17832, stack(0x0000001213c00000,0x0000001213d00000) (1024K)]
  0x000001254656ad20 JavaThread "Notification Thread"        daemon [_thread_blocked, id=16556, stack(0x0000001213d00000,0x0000001213e00000) (1024K)]
  0x000001254b0de320 JavaThread "Active Thread: Equinox Container: 19801592-8352-460d-a85b-19626359b2b1"        [_thread_blocked, id=18412, stack(0x0000001214500000,0x0000001214600000) (1024K)]
  0x00000125467d8de0 JavaThread "Refresh Thread: Equinox Container: 19801592-8352-460d-a85b-19626359b2b1" daemon [_thread_blocked, id=9008, stack(0x0000001214600000,0x0000001214700000) (1024K)]
  0x000001254667c130 JavaThread "Framework Event Dispatcher: Equinox Container: 19801592-8352-460d-a85b-19626359b2b1" daemon [_thread_blocked, id=11932, stack(0x0000001214700000,0x0000001214800000) (1024K)]
  0x000001254662a510 JavaThread "Start Level: Equinox Container: 19801592-8352-460d-a85b-19626359b2b1" daemon [_thread_blocked, id=17900, stack(0x0000001214800000,0x0000001214900000) (1024K)]
  0x000001254b119200 JavaThread "Bundle File Closer"         daemon [_thread_blocked, id=24484, stack(0x0000001214a00000,0x0000001214b00000) (1024K)]
  0x00000125468ae820 JavaThread "SCR Component Actor"        daemon [_thread_blocked, id=22748, stack(0x0000001214900000,0x0000001214a00000) (1024K)]
  0x0000012546beed30 JavaThread "Worker-JM"                         [_thread_blocked, id=17940, stack(0x0000001214d00000,0x0000001214e00000) (1024K)]
  0x0000012546300160 JavaThread "JNA Cleaner"                daemon [_thread_blocked, id=14568, stack(0x0000001214e00000,0x0000001214f00000) (1024K)]
  0x0000012546301ba0 JavaThread "Java indexing"              daemon [_thread_blocked, id=11208, stack(0x0000001215100000,0x0000001215200000) (1024K)]
  0x00000125463007f0 JavaThread "Worker-3: Synchronize Gradle projects with workspace"        [_thread_blocked, id=21092, stack(0x0000001215500000,0x0000001215600000) (1024K)]
  0x0000012546300e80 JavaThread "Thread-1"                   daemon [_thread_in_native, id=856, stack(0x0000001215600000,0x0000001215700000) (1024K)]
  0x0000012546302230 JavaThread "Thread-2"                   daemon [_thread_in_native, id=20256, stack(0x0000001215700000,0x0000001215800000) (1024K)]
  0x0000012546302f50 JavaThread "Thread-3"                   daemon [_thread_in_native, id=19592, stack(0x0000001215800000,0x0000001215900000) (1024K)]
  0x000001254bfbb020 JavaThread "Thread-4"                   daemon [_thread_in_native, id=18428, stack(0x0000001215900000,0x0000001215a00000) (1024K)]
  0x000001254bfbb6b0 JavaThread "Thread-5"                   daemon [_thread_in_native, id=24384, stack(0x0000001215a00000,0x0000001215b00000) (1024K)]
  0x000001254bfb8230 JavaThread "Thread-6"                   daemon [_thread_in_native, id=23692, stack(0x0000001215b00000,0x0000001215c00000) (1024K)]
  0x000001254bfb88c0 JavaThread "Thread-7"                   daemon [_thread_in_native, id=21564, stack(0x0000001215c00000,0x0000001215d00000) (1024K)]
  0x000001254bfb8f50 JavaThread "Thread-8"                   daemon [_thread_in_native, id=18656, stack(0x0000001215d00000,0x0000001215e00000) (1024K)]
  0x000001254bfb95e0 JavaThread "Thread-9"                   daemon [_thread_in_native, id=23532, stack(0x0000001215e00000,0x0000001215f00000) (1024K)]
  0x000001254bfba300 JavaThread "pool-2-thread-1"                   [_thread_blocked, id=7080, stack(0x0000001215f00000,0x0000001216000000) (1024K)]
  0x000001254bfb9c70 JavaThread "Timer-0"                           [_thread_blocked, id=9820, stack(0x0000001216000000,0x0000001216100000) (1024K)]
  0x000001254bfba990 JavaThread "Worker-4: Building project expo-autolinking-plugin after Java compiler settings changed"        [_thread_blocked, id=21992, stack(0x0000001216100000,0x0000001216200000) (1024K)]
  0x000001254beec120 JavaThread "Timer-1"                           [_thread_blocked, id=12088, stack(0x0000001216200000,0x0000001216300000) (1024K)]
  0x000001254beec7b0 JavaThread "Worker-5: Building project expo-autolinking-plugin-shared after Java compiler settings changed"        [_thread_blocked, id=18112, stack(0x0000001216300000,0x0000001216400000) (1024K)]
  0x000001254beece40 JavaThread "Worker-6: Initialize Workspace"        [_thread_blocked, id=15796, stack(0x0000001216500000,0x0000001216600000) (1024K)]
  0x000001254beeef10 JavaThread "WorkspaceEventsHandler"            [_thread_blocked, id=2900, stack(0x0000001216600000,0x0000001216700000) (1024K)]
  0x000001254beed4d0 JavaThread "pool-1-thread-1"                   [_thread_blocked, id=5576, stack(0x0000001216700000,0x0000001216800000) (1024K)]
  0x000001254beef5a0 JavaThread "ProjectImportProgressReporter" daemon [_thread_blocked, id=4020, stack(0x0000001216a00000,0x0000001216b00000) (1024K)]
  0x000001254b995520 JavaThread "Timer-2"                           [_thread_blocked, id=1324, stack(0x0000001216b00000,0x0000001216c00000) (1024K)]
  0x000001254b997c80 JavaThread "Timer-3"                           [_thread_blocked, id=23644, stack(0x0000001216400000,0x0000001216500000) (1024K)]
  0x000001254b9968d0 JavaThread "Timer-4"                           [_thread_blocked, id=1992, stack(0x0000001216c00000,0x0000001216d00000) (1024K)]
  0x000001254b995bb0 JavaThread "Timer-5"                           [_thread_blocked, id=5856, stack(0x0000001216d00000,0x0000001216e00000) (1024K)]
  0x000001254b996240 JavaThread "Timer-6"                           [_thread_blocked, id=23224, stack(0x0000001216e00000,0x0000001216f00000) (1024K)]
  0x000001254b998310 JavaThread "Timer-7"                           [_thread_blocked, id=19184, stack(0x0000001216f00000,0x0000001217000000) (1024K)]
  0x000001254cbea680 JavaThread "Timer-8"                           [_thread_blocked, id=14120, stack(0x0000001212d00000,0x0000001212e00000) (1024K)]
  0x000001254cbe9960 JavaThread "Timer-9"                           [_thread_blocked, id=7628, stack(0x0000001212e00000,0x0000001212f00000) (1024K)]
  0x000001254cbec0c0 JavaThread "Worker-7: Building project expo-autolinking-settings-plugin after Java compiler settings changed"        [_thread_blocked, id=18756, stack(0x0000001212f00000,0x0000001213000000) (1024K)]
  0x000001254cbe9ff0 JavaThread "Worker-8: Building project settings-plugin after Java compiler settings changed"        [_thread_blocked, id=14452, stack(0x0000001214b00000,0x0000001214c00000) (1024K)]
  0x000001254cbef540 JavaThread "Worker-9: Building project react-native-gradle-plugin after Java compiler settings changed"        [_thread_blocked, id=20316, stack(0x0000001214c00000,0x0000001214d00000) (1024K)]
  0x000001254cbed470 JavaThread "Worker-10: Building project shared after Java compiler settings changed"        [_thread_blocked, id=21800, stack(0x0000001215000000,0x0000001215100000) (1024K)]
  0x000001254cbefbd0 JavaThread "Worker-11: Building project expo-module-gradle-plugin after Java compiler settings changed"        [_thread_blocked, id=1132, stack(0x0000001215300000,0x0000001215400000) (1024K)]
  0x000001254cbee190 JavaThread "Worker-12: Building project shared-testutil after Java compiler settings changed"        [_thread_blocked, id=12628, stack(0x0000001215400000,0x0000001215500000) (1024K)]
  0x000001254cbee820 JavaThread "Worker-13"                         [_thread_blocked, id=6048, stack(0x0000001216900000,0x0000001216a00000) (1024K)]
  0x000001254cbecde0 JavaThread "Worker-14"                         [_thread_blocked, id=9152, stack(0x0000001217000000,0x0000001217100000) (1024K)]
  0x000001254cbf08f0 JavaThread "Timer-10"                          [_thread_blocked, id=6424, stack(0x0000001217100000,0x0000001217200000) (1024K)]
  0x0000012546301510 JavaThread "Connection worker"                 [_thread_blocked, id=18712, stack(0x0000001217200000,0x0000001217300000) (1024K)]
  0x00000125462ffad0 JavaThread "pool-4-thread-1"                   [_thread_blocked, id=22460, stack(0x0000001217300000,0x0000001217400000) (1024K)]
  0x000001254b996f60 JavaThread "Worker-15: Java indexing... "        [_thread_blocked, id=13864, stack(0x0000001217400000,0x0000001217500000) (1024K)]
  0x000001254b38ada0 JavaThread "C2 CompilerThread1"         daemon [_thread_blocked, id=23320, stack(0x0000001214f00000,0x0000001215000000) (1024K)]
  0x000001254b388b90 JavaThread "C2 CompilerThread2"         daemon [_thread_in_native, id=23240, stack(0x0000001215200000,0x0000001215300000) (1024K)]
Total: 61

Other Threads:
  0x000001256ac0dbe0 VMThread "VM Thread"                           [id=20244, stack(0x0000001213300000,0x0000001213400000) (1024K)]
  0x000001256cf9e950 WatcherThread "VM Periodic Task Thread"        [id=1600, stack(0x0000001213200000,0x0000001213300000) (1024K)]
  0x000001256cf4ec20 WorkerThread "GC Thread#0"                     [id=24428, stack(0x0000001213100000,0x0000001213200000) (1024K)]
  0x0000012546ab4ad0 WorkerThread "GC Thread#1"                     [id=22344, stack(0x0000001213f00000,0x0000001214000000) (1024K)]
  0x0000012546c81870 WorkerThread "GC Thread#2"                     [id=19376, stack(0x0000001214000000,0x0000001214100000) (1024K)]
  0x0000012546c81c20 WorkerThread "GC Thread#3"                     [id=16788, stack(0x0000001214100000,0x0000001214200000) (1024K)]
  0x00000125466a1a20 WorkerThread "GC Thread#4"                     [id=15612, stack(0x0000001214200000,0x0000001214300000) (1024K)]
  0x00000125466a1dd0 WorkerThread "GC Thread#5"                     [id=2700, stack(0x0000001214300000,0x0000001214400000) (1024K)]
  0x00000125466a2180 WorkerThread "GC Thread#6"                     [id=8928, stack(0x0000001214400000,0x0000001214500000) (1024K)]
  0x0000012546270a40 WorkerThread "GC Thread#7"                     [id=14044, stack(0x0000001213e00000,0x0000001213f00000) (1024K)]
Total: 10

Threads with active compile tasks:
C2 CompilerThread0  276780 12034   !   4       org.eclipse.jdt.internal.core.search.indexing.BinaryIndexer::indexDocument (1172 bytes)
C2 CompilerThread1  276780 12041       4       org.eclipse.jdt.internal.compiler.classfmt.AnnotationInfo::scanAnnotation (330 bytes)
C2 CompilerThread2  276780 12038       4       org.eclipse.jdt.internal.core.search.indexing.AbstractIndexer::addClassDeclaration (129 bytes)
Total: 3

VM state: not at safepoint (normal execution)

VM Mutex/Monitor currently owned by a thread:  ([mutex/lock_event])
[0x00007ff87ac5d060] MethodCompileQueue_lock - owner thread: 0x000001254b38ada0
[0x00007ff87ac5e460] CodeCache_lock - owner thread: 0x0000000000000000

Heap address: 0x0000000080000000, size: 2048 MB, Compressed Oops mode: 32-bit

CDS archive(s) mapped at: [0x0000012504000000-0x0000012504ba0000-0x0000012504ba0000), size 12189696, SharedBaseAddress: 0x0000012504000000, ArchiveRelocationMode: 1.
Compressed class space mapped at: 0x0000012505000000-0x0000012545000000, reserved size: 1073741824
Narrow klass base: 0x0000012504000000, Narrow klass shift: 0, Narrow klass range: 0x100000000

GC Precious Log:
 CardTable entry size: 512
 CPUs: 8 total, 8 available
 Memory: 7926M
 Large Page Support: Disabled
 NUMA Support: Disabled
 Compressed Oops: Enabled (32-bit)
 Alignments: Space 512K, Generation 512K, Heap 2M
 Heap Min Capacity: 100M
 Heap Initial Capacity: 100M
 Heap Max Capacity: 2G
 Pre-touch: Disabled
 Parallel Workers: 8

Heap:
 PSYoungGen      total 5632K, used 944K [0x00000000d5580000, 0x00000000d5c00000, 0x0000000100000000)
  eden space 5120K, 9% used [0x00000000d5580000,0x00000000d55f43b0,0x00000000d5a80000)
  from space 512K, 93% used [0x00000000d5b00000,0x00000000d5b78000,0x00000000d5b80000)
  to   space 512K, 0% used [0x00000000d5b80000,0x00000000d5b80000,0x00000000d5c00000)
 ParOldGen       total 594432K, used 594309K [0x0000000080000000, 0x00000000a4480000, 0x00000000d5580000)
  object space 594432K, 99% used [0x0000000080000000,0x00000000a4461638,0x00000000a4480000)
 Metaspace       used 75016K, committed 76608K, reserved 1179648K
  class space    used 9263K, committed 9984K, reserved 1048576K

Card table byte_map: [0x000001256c8c0000,0x000001256ccd0000] _byte_map_base: 0x000001256c4c0000

Marking Bits: (ParMarkBitMap*) 0x00007ff87ac63450
 Begin Bits: [0x0000012500000000, 0x0000012502000000)
 End Bits:   [0x0000012502000000, 0x0000012504000000)

Polling page: 0x000001256aeb0000

Metaspace:

Usage:
  Non-class:     64.21 MB used.
      Class:      9.05 MB used.
       Both:     73.26 MB used.

Virtual space:
  Non-class space:      128.00 MB reserved,      65.06 MB ( 51%) committed,  2 nodes.
      Class space:        1.00 GB reserved,       9.75 MB ( <1%) committed,  1 nodes.
             Both:        1.12 GB reserved,      74.81 MB (  6%) committed. 

Chunk freelists:
   Non-Class:  14.77 MB
       Class:  6.29 MB
        Both:  21.06 MB

MaxMetaspaceSize: unlimited
CompressedClassSpaceSize: 1.00 GB
Initial GC threshold: 21.00 MB
Current GC threshold: 97.31 MB
CDS: on
 - commit_granule_bytes: 65536.
 - commit_granule_words: 8192.
 - virtual_space_node_default_size: 8388608.
 - enlarge_chunks_in_place: 1.
 - use_allocation_guard: 0.


Internal statistics:

num_allocs_failed_limit: 9.
num_arena_births: 1504.
num_arena_deaths: 14.
num_vsnodes_births: 3.
num_vsnodes_deaths: 0.
num_space_committed: 1197.
num_space_uncommitted: 0.
num_chunks_returned_to_freelist: 23.
num_chunks_taken_from_freelist: 4862.
num_chunk_merges: 11.
num_chunk_splits: 2989.
num_chunks_enlarged: 1652.
num_inconsistent_stats: 0.

CodeHeap 'non-profiled nmethods': size=120000Kb used=11487Kb max_used=11487Kb free=108512Kb
 bounds [0x0000012577bf0000, 0x0000012578730000, 0x000001257f120000]
CodeHeap 'profiled nmethods': size=120000Kb used=23707Kb max_used=23707Kb free=96293Kb
 bounds [0x0000012570120000, 0x0000012571850000, 0x0000012577650000]
CodeHeap 'non-nmethods': size=5760Kb used=1470Kb max_used=1537Kb free=4289Kb
 bounds [0x0000012577650000, 0x00000125778c0000, 0x0000012577bf0000]
CodeCache: size=245760Kb, used=36664Kb, max_used=36731Kb, free=209094Kb
 total_blobs=12044, nmethods=11272, adapters=678, full_count=0
Compilation: enabled, stopped_count=0, restarted_count=0

Compilation events (20 events):
Event: 269.314 Thread 0x000001254b38ada0 12018       4       org.eclipse.jdt.internal.core.search.indexing.AbstractIndexer::addConstructorReference (58 bytes)
Event: 269.375 Thread 0x000001254b38ada0 nmethod 12018 0x00000125786f6b10 code [0x00000125786f6e60, 0x00000125786f8e30]
Event: 269.375 Thread 0x000001254b38ada0 11981       4       org.eclipse.jdt.internal.core.search.indexing.AbstractIndexer::addMethodReference (13 bytes)
Event: 269.381 Thread 0x000001254b38c210 nmethod 12011% 0x00000125786fa110 code [0x00000125786fa960, 0x0000012578701f10]
Event: 269.382 Thread 0x000001254b38c210 11998 %     4       org.eclipse.jdt.internal.core.util.Util::quickSort @ 19 (107 bytes)
Event: 269.392 Thread 0x000001254b38ada0 nmethod 11981 0x0000012578706990 code [0x0000012578706bc0, 0x00000125787076e0]
Event: 269.442 Thread 0x000001254b38c210 nmethod 11998% 0x0000012578707e90 code [0x0000012578708140, 0x000001257870ac58]
Event: 269.576 Thread 0x000001256ceab300 nmethod 12025 0x000001257870b910 code [0x000001257870bfe0, 0x0000012578713bc8]
Event: 270.517 Thread 0x000001254b38ada0 12028 % !   4       org.eclipse.jdt.internal.core.search.indexing.BinaryIndexer::indexDocument @ 563 (1172 bytes)
Event: 270.642 Thread 0x000001254b38ada0 nmethod 12028% 0x0000012578717d90 code [0x0000012578718320, 0x000001257871bad0]
Event: 271.542 Thread 0x000001254b38ada0 12029   !   4       org.eclipse.jdt.internal.compiler.parser.Scanner::getNextChar (71 bytes)
Event: 271.561 Thread 0x000001254b38ada0 nmethod 12029 0x000001257871eb90 code [0x000001257871ed20, 0x000001257871ee48]
Event: 271.838 Thread 0x00000125462a70a0 12030       3       org.eclipse.jdt.internal.compiler.classfmt.AnnotationInfo::scanAnnotation (330 bytes)
Event: 271.839 Thread 0x00000125462a70a0 nmethod 12030 0x0000012571836790 code [0x0000012571836aa0, 0x0000012571837b28]
Event: 272.741 Thread 0x000001256ceab300 12031       4       org.eclipse.jdt.internal.compiler.parser.Scanner::internalScanIdentifierOrKeyword (5041 bytes)
Event: 272.766 Thread 0x00000125462a70a0 12033       3       org.eclipse.jdt.internal.compiler.classfmt.FieldInfoWithAnnotation::<init> (106 bytes)
Event: 272.766 Thread 0x00000125462a70a0 nmethod 12033 0x0000012571838110 code [0x00000125718382c0, 0x0000012571838608]
Event: 272.836 Thread 0x000001256ceab300 nmethod 12031 0x000001257871ef90 code [0x000001257871f460, 0x00000125787215d8]
Event: 272.837 Thread 0x000001256ceab300 12034   !   4       org.eclipse.jdt.internal.core.search.indexing.BinaryIndexer::indexDocument (1172 bytes)
Event: 273.490 Thread 0x00000125462a70a0 12040       3       org.eclipse.jdt.internal.compiler.parser.Scanner::internalScanIdentifierOrKeyword (5041 bytes)

GC Heap History (20 events):
Event: 272.918 GC heap before
{Heap before GC invocations=984 (full 3):
 PSYoungGen      total 3584K, used 3520K [0x00000000d5580000, 0x00000000d5a80000, 0x0000000100000000)
  eden space 3072K, 100% used [0x00000000d5580000,0x00000000d5880000,0x00000000d5880000)
  from space 512K, 87% used [0x00000000d5900000,0x00000000d5970000,0x00000000d5980000)
  to   space 512K, 0% used [0x00000000d5880000,0x00000000d5880000,0x00000000d5900000)
 ParOldGen       total 589824K, used 589681K [0x0000000080000000, 0x00000000a4000000, 0x00000000d5580000)
  object space 589824K, 99% used [0x0000000080000000,0x00000000a3fdc6a8,0x00000000a4000000)
 Metaspace       used 75014K, committed 76608K, reserved 1179648K
  class space    used 9262K, committed 9984K, reserved 1048576K
}
Event: 273.019 GC heap after
{Heap after GC invocations=984 (full 3):
 PSYoungGen      total 3584K, used 432K [0x00000000d5580000, 0x00000000d5a80000, 0x0000000100000000)
  eden space 3072K, 0% used [0x00000000d5580000,0x00000000d5580000,0x00000000d5880000)
  from space 512K, 84% used [0x00000000d5880000,0x00000000d58ec010,0x00000000d5900000)
  to   space 512K, 0% used [0x00000000d5a00000,0x00000000d5a00000,0x00000000d5a80000)
 ParOldGen       total 590336K, used 589953K [0x0000000080000000, 0x00000000a4080000, 0x00000000d5580000)
  object space 590336K, 99% used [0x0000000080000000,0x00000000a40206a8,0x00000000a4080000)
 Metaspace       used 75014K, committed 76608K, reserved 1179648K
  class space    used 9262K, committed 9984K, reserved 1048576K
}
Event: 273.060 GC heap before
{Heap before GC invocations=985 (full 3):
 PSYoungGen      total 3584K, used 3504K [0x00000000d5580000, 0x00000000d5a80000, 0x0000000100000000)
  eden space 3072K, 100% used [0x00000000d5580000,0x00000000d5880000,0x00000000d5880000)
  from space 512K, 84% used [0x00000000d5880000,0x00000000d58ec010,0x00000000d5900000)
  to   space 512K, 0% used [0x00000000d5a00000,0x00000000d5a00000,0x00000000d5a80000)
 ParOldGen       total 590336K, used 589953K [0x0000000080000000, 0x00000000a4080000, 0x00000000d5580000)
  object space 590336K, 99% used [0x0000000080000000,0x00000000a40206a8,0x00000000a4080000)
 Metaspace       used 75014K, committed 76608K, reserved 1179648K
  class space    used 9262K, committed 9984K, reserved 1048576K
}
Event: 273.100 GC heap after
{Heap after GC invocations=985 (full 3):
 PSYoungGen      total 4608K, used 448K [0x00000000d5580000, 0x00000000d5a80000, 0x0000000100000000)
  eden space 4096K, 0% used [0x00000000d5580000,0x00000000d5580000,0x00000000d5980000)
  from space 512K, 87% used [0x00000000d5a00000,0x00000000d5a70000,0x00000000d5a80000)
  to   space 512K, 0% used [0x00000000d5980000,0x00000000d5980000,0x00000000d5a00000)
 ParOldGen       total 590336K, used 590217K [0x0000000080000000, 0x00000000a4080000, 0x00000000d5580000)
  object space 590336K, 99% used [0x0000000080000000,0x00000000a40626a8,0x00000000a4080000)
 Metaspace       used 75014K, committed 76608K, reserved 1179648K
  class space    used 9262K, committed 9984K, reserved 1048576K
}
Event: 273.301 GC heap before
{Heap before GC invocations=986 (full 3):
 PSYoungGen      total 4608K, used 4544K [0x00000000d5580000, 0x00000000d5a80000, 0x0000000100000000)
  eden space 4096K, 100% used [0x00000000d5580000,0x00000000d5980000,0x00000000d5980000)
  from space 512K, 87% used [0x00000000d5a00000,0x00000000d5a70000,0x00000000d5a80000)
  to   space 512K, 0% used [0x00000000d5980000,0x00000000d5980000,0x00000000d5a00000)
 ParOldGen       total 590336K, used 590217K [0x0000000080000000, 0x00000000a4080000, 0x00000000d5580000)
  object space 590336K, 99% used [0x0000000080000000,0x00000000a40626a8,0x00000000a4080000)
 Metaspace       used 75014K, committed 76608K, reserved 1179648K
  class space    used 9262K, committed 9984K, reserved 1048576K
}
Event: 273.304 GC heap after
{Heap after GC invocations=986 (full 3):
 PSYoungGen      total 4608K, used 480K [0x00000000d5580000, 0x00000000d5b80000, 0x0000000100000000)
  eden space 4096K, 0% used [0x00000000d5580000,0x00000000d5580000,0x00000000d5980000)
  from space 512K, 93% used [0x00000000d5980000,0x00000000d59f8000,0x00000000d5a00000)
  to   space 512K, 0% used [0x00000000d5b00000,0x00000000d5b00000,0x00000000d5b80000)
 ParOldGen       total 590848K, used 590513K [0x0000000080000000, 0x00000000a4100000, 0x00000000d5580000)
  object space 590848K, 99% used [0x0000000080000000,0x00000000a40ac6a8,0x00000000a4100000)
 Metaspace       used 75014K, committed 76608K, reserved 1179648K
  class space    used 9262K, committed 9984K, reserved 1048576K
}
Event: 273.330 GC heap before
{Heap before GC invocations=987 (full 3):
 PSYoungGen      total 4608K, used 4576K [0x00000000d5580000, 0x00000000d5b80000, 0x0000000100000000)
  eden space 4096K, 100% used [0x00000000d5580000,0x00000000d5980000,0x00000000d5980000)
  from space 512K, 93% used [0x00000000d5980000,0x00000000d59f8000,0x00000000d5a00000)
  to   space 512K, 0% used [0x00000000d5b00000,0x00000000d5b00000,0x00000000d5b80000)
 ParOldGen       total 590848K, used 590513K [0x0000000080000000, 0x00000000a4100000, 0x00000000d5580000)
  object space 590848K, 99% used [0x0000000080000000,0x00000000a40ac6a8,0x00000000a4100000)
 Metaspace       used 75014K, committed 76608K, reserved 1179648K
  class space    used 9262K, committed 9984K, reserved 1048576K
}
Event: 273.332 GC heap after
{Heap after GC invocations=987 (full 3):
 PSYoungGen      total 5632K, used 384K [0x00000000d5580000, 0x00000000d5b80000, 0x0000000100000000)
  eden space 5120K, 0% used [0x00000000d5580000,0x00000000d5580000,0x00000000d5a80000)
  from space 512K, 75% used [0x00000000d5b00000,0x00000000d5b60000,0x00000000d5b80000)
  to   space 512K, 0% used [0x00000000d5a80000,0x00000000d5a80000,0x00000000d5b00000)
 ParOldGen       total 591360K, used 590889K [0x0000000080000000, 0x00000000a4180000, 0x00000000d5580000)
  object space 591360K, 99% used [0x0000000080000000,0x00000000a410a6a8,0x00000000a4180000)
 Metaspace       used 75014K, committed 76608K, reserved 1179648K
  class space    used 9262K, committed 9984K, reserved 1048576K
}
Event: 273.362 GC heap before
{Heap before GC invocations=988 (full 3):
 PSYoungGen      total 5632K, used 5504K [0x00000000d5580000, 0x00000000d5b80000, 0x0000000100000000)
  eden space 5120K, 100% used [0x00000000d5580000,0x00000000d5a80000,0x00000000d5a80000)
  from space 512K, 75% used [0x00000000d5b00000,0x00000000d5b60000,0x00000000d5b80000)
  to   space 512K, 0% used [0x00000000d5a80000,0x00000000d5a80000,0x00000000d5b00000)
 ParOldGen       total 591360K, used 590889K [0x0000000080000000, 0x00000000a4180000, 0x00000000d5580000)
  object space 591360K, 99% used [0x0000000080000000,0x00000000a410a6a8,0x00000000a4180000)
 Metaspace       used 75014K, committed 76608K, reserved 1179648K
  class space    used 9262K, committed 9984K, reserved 1048576K
}
Event: 273.366 GC heap after
{Heap after GC invocations=988 (full 3):
 PSYoungGen      total 5632K, used 480K [0x00000000d5580000, 0x00000000d5c80000, 0x0000000100000000)
  eden space 5120K, 0% used [0x00000000d5580000,0x00000000d5580000,0x00000000d5a80000)
  from space 512K, 93% used [0x00000000d5a80000,0x00000000d5af8000,0x00000000d5b00000)
  to   space 512K, 0% used [0x00000000d5c00000,0x00000000d5c00000,0x00000000d5c80000)
 ParOldGen       total 591360K, used 591177K [0x0000000080000000, 0x00000000a4180000, 0x00000000d5580000)
  object space 591360K, 99% used [0x0000000080000000,0x00000000a41526a8,0x00000000a4180000)
 Metaspace       used 75014K, committed 76608K, reserved 1179648K
  class space    used 9262K, committed 9984K, reserved 1048576K
}
Event: 273.389 GC heap before
{Heap before GC invocations=989 (full 3):
 PSYoungGen      total 5632K, used 5600K [0x00000000d5580000, 0x00000000d5c80000, 0x0000000100000000)
  eden space 5120K, 100% used [0x00000000d5580000,0x00000000d5a80000,0x00000000d5a80000)
  from space 512K, 93% used [0x00000000d5a80000,0x00000000d5af8000,0x00000000d5b00000)
  to   space 512K, 0% used [0x00000000d5c00000,0x00000000d5c00000,0x00000000d5c80000)
 ParOldGen       total 591360K, used 591177K [0x0000000080000000, 0x00000000a4180000, 0x00000000d5580000)
  object space 591360K, 99% used [0x0000000080000000,0x00000000a41526a8,0x00000000a4180000)
 Metaspace       used 75014K, committed 76608K, reserved 1179648K
  class space    used 9262K, committed 9984K, reserved 1048576K
}
Event: 273.391 GC heap after
{Heap after GC invocations=989 (full 3):
 PSYoungGen      total 5632K, used 512K [0x00000000d5580000, 0x00000000d5c80000, 0x0000000100000000)
  eden space 5120K, 0% used [0x00000000d5580000,0x00000000d5580000,0x00000000d5a80000)
  from space 512K, 100% used [0x00000000d5c00000,0x00000000d5c80000,0x00000000d5c80000)
  to   space 1024K, 0% used [0x00000000d5a80000,0x00000000d5a80000,0x00000000d5b80000)
 ParOldGen       total 591872K, used 591609K [0x0000000080000000, 0x00000000a4200000, 0x00000000d5580000)
  object space 591872K, 99% used [0x0000000080000000,0x00000000a41be6a8,0x00000000a4200000)
 Metaspace       used 75014K, committed 76608K, reserved 1179648K
  class space    used 9262K, committed 9984K, reserved 1048576K
}
Event: 273.413 GC heap before
{Heap before GC invocations=990 (full 3):
 PSYoungGen      total 5632K, used 5632K [0x00000000d5580000, 0x00000000d5c80000, 0x0000000100000000)
  eden space 5120K, 100% used [0x00000000d5580000,0x00000000d5a80000,0x00000000d5a80000)
  from space 512K, 100% used [0x00000000d5c00000,0x00000000d5c80000,0x00000000d5c80000)
  to   space 1024K, 0% used [0x00000000d5a80000,0x00000000d5a80000,0x00000000d5b80000)
 ParOldGen       total 591872K, used 591609K [0x0000000080000000, 0x00000000a4200000, 0x00000000d5580000)
  object space 591872K, 99% used [0x0000000080000000,0x00000000a41be6a8,0x00000000a4200000)
 Metaspace       used 75014K, committed 76608K, reserved 1179648K
  class space    used 9262K, committed 9984K, reserved 1048576K
}
Event: 273.415 GC heap after
{Heap after GC invocations=990 (full 3):
 PSYoungGen      total 6144K, used 576K [0x00000000d5580000, 0x00000000d5c80000, 0x0000000100000000)
  eden space 5120K, 0% used [0x00000000d5580000,0x00000000d5580000,0x00000000d5a80000)
  from space 1024K, 56% used [0x00000000d5a80000,0x00000000d5b10000,0x00000000d5b80000)
  to   space 1024K, 0% used [0x00000000d5b80000,0x00000000d5b80000,0x00000000d5c80000)
 ParOldGen       total 592384K, used 592025K [0x0000000080000000, 0x00000000a4280000, 0x00000000d5580000)
  object space 592384K, 99% used [0x0000000080000000,0x00000000a42266a8,0x00000000a4280000)
 Metaspace       used 75014K, committed 76608K, reserved 1179648K
  class space    used 9262K, committed 9984K, reserved 1048576K
}
Event: 273.437 GC heap before
{Heap before GC invocations=991 (full 3):
 PSYoungGen      total 6144K, used 5695K [0x00000000d5580000, 0x00000000d5c80000, 0x0000000100000000)
  eden space 5120K, 99% used [0x00000000d5580000,0x00000000d5a7fff0,0x00000000d5a80000)
  from space 1024K, 56% used [0x00000000d5a80000,0x00000000d5b10000,0x00000000d5b80000)
  to   space 1024K, 0% used [0x00000000d5b80000,0x00000000d5b80000,0x00000000d5c80000)
 ParOldGen       total 592384K, used 592025K [0x0000000080000000, 0x00000000a4280000, 0x00000000d5580000)
  object space 592384K, 99% used [0x0000000080000000,0x00000000a42266a8,0x00000000a4280000)
 Metaspace       used 75014K, committed 76608K, reserved 1179648K
  class space    used 9262K, committed 9984K, reserved 1048576K
}
Event: 273.438 GC heap after
{Heap after GC invocations=991 (full 3):
 PSYoungGen      total 6144K, used 480K [0x00000000d5580000, 0x00000000d5c80000, 0x0000000100000000)
  eden space 5120K, 0% used [0x00000000d5580000,0x00000000d5580000,0x00000000d5a80000)
  from space 1024K, 46% used [0x00000000d5b80000,0x00000000d5bf8000,0x00000000d5c80000)
  to   space 1024K, 0% used [0x00000000d5a80000,0x00000000d5a80000,0x00000000d5b80000)
 ParOldGen       total 592896K, used 592508K [0x0000000080000000, 0x00000000a4300000, 0x00000000d5580000)
  object space 592896K, 99% used [0x0000000080000000,0x00000000a429f2b8,0x00000000a4300000)
 Metaspace       used 75014K, committed 76608K, reserved 1179648K
  class space    used 9262K, committed 9984K, reserved 1048576K
}
Event: 273.479 GC heap before
{Heap before GC invocations=992 (full 3):
 PSYoungGen      total 6144K, used 5600K [0x00000000d5580000, 0x00000000d5c80000, 0x0000000100000000)
  eden space 5120K, 100% used [0x00000000d5580000,0x00000000d5a80000,0x00000000d5a80000)
  from space 1024K, 46% used [0x00000000d5b80000,0x00000000d5bf8000,0x00000000d5c80000)
  to   space 1024K, 0% used [0x00000000d5a80000,0x00000000d5a80000,0x00000000d5b80000)
 ParOldGen       total 592896K, used 592508K [0x0000000080000000, 0x00000000a4300000, 0x00000000d5580000)
  object space 592896K, 99% used [0x0000000080000000,0x00000000a429f2b8,0x00000000a4300000)
 Metaspace       used 75014K, committed 76608K, reserved 1179648K
  class space    used 9262K, committed 9984K, reserved 1048576K
}
Event: 273.481 GC heap after
{Heap after GC invocations=992 (full 3):
 PSYoungGen      total 6144K, used 448K [0x00000000d5580000, 0x00000000d5c00000, 0x0000000100000000)
  eden space 5120K, 0% used [0x00000000d5580000,0x00000000d5580000,0x00000000d5a80000)
  from space 1024K, 43% used [0x00000000d5a80000,0x00000000d5af0000,0x00000000d5b80000)
  to   space 512K, 0% used [0x00000000d5b80000,0x00000000d5b80000,0x00000000d5c00000)
 ParOldGen       total 592896K, used 592860K [0x0000000080000000, 0x00000000a4300000, 0x00000000d5580000)
  object space 592896K, 99% used [0x0000000080000000,0x00000000a42f72b8,0x00000000a4300000)
 Metaspace       used 75014K, committed 76608K, reserved 1179648K
  class space    used 9262K, committed 9984K, reserved 1048576K
}
Event: 273.496 GC heap before
{Heap before GC invocations=993 (full 3):
 PSYoungGen      total 6144K, used 5568K [0x00000000d5580000, 0x00000000d5c00000, 0x0000000100000000)
  eden space 5120K, 100% used [0x00000000d5580000,0x00000000d5a80000,0x00000000d5a80000)
  from space 1024K, 43% used [0x00000000d5a80000,0x00000000d5af0000,0x00000000d5b80000)
  to   space 512K, 0% used [0x00000000d5b80000,0x00000000d5b80000,0x00000000d5c00000)
 ParOldGen       total 592896K, used 592866K [0x0000000080000000, 0x00000000a4300000, 0x00000000d5580000)
  object space 592896K, 99% used [0x0000000080000000,0x00000000a42f8bb0,0x00000000a4300000)
 Metaspace       used 75014K, committed 76608K, reserved 1179648K
  class space    used 9262K, committed 9984K, reserved 1048576K
}
Event: 273.500 GC heap after
{Heap after GC invocations=993 (full 3):
 PSYoungGen      total 5632K, used 256K [0x00000000d5580000, 0x00000000d5c00000, 0x0000000100000000)
  eden space 5120K, 0% used [0x00000000d5580000,0x00000000d5580000,0x00000000d5a80000)
  from space 512K, 50% used [0x00000000d5b80000,0x00000000d5bc0000,0x00000000d5c00000)
  to   space 512K, 0% used [0x00000000d5b00000,0x00000000d5b00000,0x00000000d5b80000)
 ParOldGen       total 593408K, used 593234K [0x0000000080000000, 0x00000000a4380000, 0x00000000d5580000)
  object space 593408K, 99% used [0x0000000080000000,0x00000000a4354bb0,0x00000000a4380000)
 Metaspace       used 75014K, committed 76608K, reserved 1179648K
  class space    used 9262K, committed 9984K, reserved 1048576K
}

Dll operation events (15 events):
Event: 0.033 Loaded shared library c:\Users\Mai Hong Loi\.vscode\extensions\redhat.java-1.54.0-win32-x64\jre\21.0.10-win32-x86_64\bin\java.dll
Event: 0.245 Loaded shared library c:\Users\Mai Hong Loi\.vscode\extensions\redhat.java-1.54.0-win32-x64\jre\21.0.10-win32-x86_64\bin\zip.dll
Event: 0.303 Loaded shared library C:\Users\Mai Hong Loi\.vscode\extensions\redhat.java-1.54.0-win32-x64\jre\21.0.10-win32-x86_64\bin\instrument.dll
Event: 0.315 Loaded shared library C:\Users\Mai Hong Loi\.vscode\extensions\redhat.java-1.54.0-win32-x64\jre\21.0.10-win32-x86_64\bin\net.dll
Event: 0.319 Loaded shared library C:\Users\Mai Hong Loi\.vscode\extensions\redhat.java-1.54.0-win32-x64\jre\21.0.10-win32-x86_64\bin\nio.dll
Event: 0.324 Loaded shared library C:\Users\Mai Hong Loi\.vscode\extensions\redhat.java-1.54.0-win32-x64\jre\21.0.10-win32-x86_64\bin\zip.dll
Event: 0.513 Loaded shared library C:\Users\Mai Hong Loi\.vscode\extensions\redhat.java-1.54.0-win32-x64\jre\21.0.10-win32-x86_64\bin\jimage.dll
Event: 0.950 Loaded shared library c:\Users\Mai Hong Loi\.vscode\extensions\redhat.java-1.54.0-win32-x64\jre\21.0.10-win32-x86_64\bin\verify.dll
Event: 15.525 Loaded shared library C:\Users\Mai Hong Loi\AppData\Roaming\Code\User\globalStorage\redhat.java\1.54.0\config_win\org.eclipse.equinox.launcher\org.eclipse.equinox.launcher.win32.win32.x86_64_1.3.0.v20260203-2149\eclipse_11919.dll
Event: 27.164 Loaded shared library C:\Users\Mai Hong Loi\AppData\Local\Temp\jna-1583107761\jna3254708504879868249.dll
Event: 28.706 Loaded shared library C:\Users\Mai Hong Loi\.vscode\extensions\redhat.java-1.54.0-win32-x64\jre\21.0.10-win32-x86_64\bin\sunmscapi.dll
Event: 28.884 Loaded shared library C:\Users\Mai Hong Loi\.vscode\extensions\redhat.java-1.54.0-win32-x64\jre\21.0.10-win32-x86_64\bin\extnet.dll
Event: 29.865 Loaded shared library C:\Users\Mai Hong Loi\.gradle\native\1def1411415f61bf3af743bc5b6707747c0891f09f0c88961ee8f79bc544acac\windows-amd64\native-platform.dll
Event: 31.970 Loaded shared library C:\Users\Mai Hong Loi\.vscode\extensions\redhat.java-1.54.0-win32-x64\jre\21.0.10-win32-x86_64\bin\management.dll
Event: 32.045 Loaded shared library C:\Users\Mai Hong Loi\.vscode\extensions\redhat.java-1.54.0-win32-x64\jre\21.0.10-win32-x86_64\bin\management_ext.dll

Deoptimization events (20 events):
Event: 268.132 Thread 0x0000012546301ba0 DEOPT PACKING pc=0x00000125717d9ca2 sp=0x00000012151feb80
Event: 268.132 Thread 0x0000012546301ba0 DEOPT UNPACKING pc=0x00000125776a78e2 sp=0x00000012151fe0f8 mode 0
Event: 268.203 Thread 0x0000012546301ba0 DEOPT PACKING pc=0x00000125717d9ca2 sp=0x00000012151feb80
Event: 268.203 Thread 0x0000012546301ba0 DEOPT UNPACKING pc=0x00000125776a78e2 sp=0x00000012151fe0f8 mode 0
Event: 268.440 Thread 0x0000012546301ba0 DEOPT PACKING pc=0x00000125717d9ca2 sp=0x00000012151feb80
Event: 268.441 Thread 0x0000012546301ba0 DEOPT UNPACKING pc=0x00000125776a78e2 sp=0x00000012151fe0f8 mode 0
Event: 269.103 Thread 0x0000012546301ba0 Uncommon trap: trap_request=0xffffff45 fr.pc=0x000001257832b618 relative=0x0000000000000158
Event: 269.103 Thread 0x0000012546301ba0 Uncommon trap: reason=unstable_if action=reinterpret pc=0x000001257832b618 method=org.eclipse.jdt.internal.compiler.util.Util.isClassFileName(Ljava/lang/String;)Z @ 20 c2
Event: 269.103 Thread 0x0000012546301ba0 DEOPT PACKING pc=0x000001257832b618 sp=0x00000012151ff0e0
Event: 269.103 Thread 0x0000012546301ba0 DEOPT UNPACKING pc=0x00000125776a6da2 sp=0x00000012151ff060 mode 2
Event: 271.579 Thread 0x0000012546301ba0 Uncommon trap: trap_request=0xffffff45 fr.pc=0x00000125786f0434 relative=0x00000000000014f4
Event: 271.579 Thread 0x0000012546301ba0 Uncommon trap: reason=unstable_if action=reinterpret pc=0x00000125786f0434 method=org.eclipse.jdt.internal.compiler.classfmt.AnnotationInfo.scanAnnotation(IZZ)I @ 209 c2
Event: 271.579 Thread 0x0000012546301ba0 DEOPT PACKING pc=0x00000125786f0434 sp=0x00000012151feac0
Event: 271.579 Thread 0x0000012546301ba0 DEOPT UNPACKING pc=0x00000125776a6da2 sp=0x00000012151fea78 mode 2
Event: 273.477 Thread 0x0000012546301ba0 DEOPT PACKING pc=0x0000012571805b28 sp=0x00000012151fed30
Event: 273.477 Thread 0x0000012546301ba0 DEOPT UNPACKING pc=0x00000125776a78e2 sp=0x00000012151fe328 mode 0
Event: 273.487 Thread 0x0000012546301ba0 Uncommon trap: trap_request=0xffffff45 fr.pc=0x000001257872148c relative=0x000000000000202c
Event: 273.487 Thread 0x0000012546301ba0 Uncommon trap: reason=unstable_if action=reinterpret pc=0x000001257872148c method=org.eclipse.jdt.internal.compiler.parser.Scanner.internalScanIdentifierOrKeyword(II[C)Lorg/eclipse/jdt/internal/compiler/parser/TerminalToken; @ 2291 c2
Event: 273.487 Thread 0x0000012546301ba0 DEOPT PACKING pc=0x000001257872148c sp=0x00000012151fef80
Event: 273.487 Thread 0x0000012546301ba0 DEOPT UNPACKING pc=0x00000125776a6da2 sp=0x00000012151fef18 mode 2

Classes loaded (20 events):
Event: 176.799 Loading class java/nio/file/ClosedDirectoryStreamException
Event: 176.799 Loading class java/nio/file/ClosedDirectoryStreamException done
Event: 176.800 Loading class jdk/internal/jrtfs/JrtFileSystem
Event: 176.801 Loading class jdk/internal/jrtfs/JrtFileSystem done
Event: 176.801 Loading class jdk/internal/jrtfs/JrtPath
Event: 176.802 Loading class jdk/internal/jrtfs/JrtPath done
Event: 176.802 Loading class jdk/internal/jimage/ImageReader$Node
Event: 176.802 Loading class jdk/internal/jimage/ImageReader$Node done
Event: 176.810 Loading class java/nio/ByteBufferAsIntBufferL
Event: 176.810 Loading class java/nio/ByteBufferAsIntBufferL done
Event: 176.818 Loading class jdk/internal/jimage/ImageReader$Directory
Event: 176.819 Loading class jdk/internal/jimage/ImageReader$Directory done
Event: 177.142 Loading class java/nio/channels/Channels$ReadableByteChannelImpl
Event: 177.143 Loading class java/nio/channels/Channels$ReadableByteChannelImpl done
Event: 177.144 Loading class java/nio/channels/NonWritableChannelException
Event: 177.144 Loading class java/nio/channels/NonWritableChannelException done
Event: 182.403 Loading class java/security/DigestInputStream
Event: 182.404 Loading class java/security/DigestInputStream done
Event: 189.115 Loading class java/util/concurrent/ConcurrentHashMap$EntrySpliterator
Event: 189.117 Loading class java/util/concurrent/ConcurrentHashMap$EntrySpliterator done

Classes unloaded (7 events):
Event: 27.607 Thread 0x000001256ac0dbe0 Unloading class 0x00000125051a5000 'java/lang/invoke/LambdaForm$MH+0x00000125051a5000'
Event: 27.607 Thread 0x000001256ac0dbe0 Unloading class 0x00000125051a4c00 'java/lang/invoke/LambdaForm$MH+0x00000125051a4c00'
Event: 27.607 Thread 0x000001256ac0dbe0 Unloading class 0x00000125051a4800 'java/lang/invoke/LambdaForm$MH+0x00000125051a4800'
Event: 27.607 Thread 0x000001256ac0dbe0 Unloading class 0x00000125051a4400 'java/lang/invoke/LambdaForm$MH+0x00000125051a4400'
Event: 27.607 Thread 0x000001256ac0dbe0 Unloading class 0x00000125051a4000 'java/lang/invoke/LambdaForm$BMH+0x00000125051a4000'
Event: 27.607 Thread 0x000001256ac0dbe0 Unloading class 0x00000125051a3c00 'java/lang/invoke/LambdaForm$DMH+0x00000125051a3c00'
Event: 27.607 Thread 0x000001256ac0dbe0 Unloading class 0x00000125051a2800 'java/lang/invoke/LambdaForm$DMH+0x00000125051a2800'

Classes redefined (0 events):
No events

Internal exceptions (20 events):
Event: 189.401 Thread 0x000001254cbee820 Exception <a 'sun/nio/fs/WindowsException'{0x00000000d56663d8}> (0x00000000d56663d8) 
thrown [s\src\hotspot\share\prims\jni.cpp, line 520]
Event: 189.401 Thread 0x000001254cbee820 Exception <a 'sun/nio/fs/WindowsException'{0x00000000d5666db0}> (0x00000000d5666db0) 
thrown [s\src\hotspot\share\prims\jni.cpp, line 520]
Event: 189.402 Thread 0x000001254cbee820 Exception <a 'sun/nio/fs/WindowsException'{0x00000000d5668de0}> (0x00000000d5668de0) 
thrown [s\src\hotspot\share\prims\jni.cpp, line 520]
Event: 189.402 Thread 0x000001254cbee820 Exception <a 'sun/nio/fs/WindowsException'{0x00000000d56697b8}> (0x00000000d56697b8) 
thrown [s\src\hotspot\share\prims\jni.cpp, line 520]
Event: 189.403 Thread 0x000001254cbee820 Exception <a 'sun/nio/fs/WindowsException'{0x00000000d566ba48}> (0x00000000d566ba48) 
thrown [s\src\hotspot\share\prims\jni.cpp, line 520]
Event: 189.403 Thread 0x000001254cbee820 Exception <a 'sun/nio/fs/WindowsException'{0x00000000d566c420}> (0x00000000d566c420) 
thrown [s\src\hotspot\share\prims\jni.cpp, line 520]
Event: 189.403 Thread 0x000001254cbee820 Exception <a 'sun/nio/fs/WindowsException'{0x00000000d566e450}> (0x00000000d566e450) 
thrown [s\src\hotspot\share\prims\jni.cpp, line 520]
Event: 189.403 Thread 0x000001254cbee820 Exception <a 'sun/nio/fs/WindowsException'{0x00000000d566f078}> (0x00000000d566f078) 
thrown [s\src\hotspot\share\prims\jni.cpp, line 520]
Event: 189.404 Thread 0x000001254cbee820 Exception <a 'sun/nio/fs/WindowsException'{0x00000000d56710a8}> (0x00000000d56710a8) 
thrown [s\src\hotspot\share\prims\jni.cpp, line 520]
Event: 189.404 Thread 0x000001254cbee820 Exception <a 'sun/nio/fs/WindowsException'{0x00000000d5671a80}> (0x00000000d5671a80) 
thrown [s\src\hotspot\share\prims\jni.cpp, line 520]
Event: 189.406 Thread 0x000001254cbee820 Exception <a 'sun/nio/fs/WindowsException'{0x00000000d5673f68}> (0x00000000d5673f68) 
thrown [s\src\hotspot\share\prims\jni.cpp, line 520]
Event: 189.406 Thread 0x000001254cbee820 Exception <a 'sun/nio/fs/WindowsException'{0x00000000d5674940}> (0x00000000d5674940) 
thrown [s\src\hotspot\share\prims\jni.cpp, line 520]
Event: 189.412 Thread 0x000001254cbee820 Exception <a 'sun/nio/fs/WindowsException'{0x00000000d56ea078}> (0x00000000d56ea078) 
thrown [s\src\hotspot\share\prims\jni.cpp, line 520]
Event: 189.412 Thread 0x000001254cbee820 Exception <a 'sun/nio/fs/WindowsException'{0x00000000d56eaa50}> (0x00000000d56eaa50) 
thrown [s\src\hotspot\share\prims\jni.cpp, line 520]
Event: 189.415 Thread 0x000001254cbee820 Exception <a 'sun/nio/fs/WindowsException'{0x00000000d57022f8}> (0x00000000d57022f8) 
thrown [s\src\hotspot\share\prims\jni.cpp, line 520]
Event: 189.415 Thread 0x000001254cbee820 Exception <a 'sun/nio/fs/WindowsException'{0x00000000d5702cd0}> (0x00000000d5702cd0) 
thrown [s\src\hotspot\share\prims\jni.cpp, line 520]
Event: 260.325 Thread 0x0000012546301ba0 Exception <a 'sun/nio/fs/WindowsException'{0x00000000d55d0f60}> (0x00000000d55d0f60) 
thrown [s\src\hotspot\share\prims\jni.cpp, line 520]
Event: 265.867 Thread 0x0000012546301ba0 Exception <a 'sun/nio/fs/WindowsException'{0x00000000d573b8b8}> (0x00000000d573b8b8) 
thrown [s\src\hotspot\share\prims\jni.cpp, line 520]
Event: 266.304 Thread 0x0000012546301ba0 Exception <a 'sun/nio/fs/WindowsException'{0x00000000d5603f90}> (0x00000000d5603f90) 
thrown [s\src\hotspot\share\prims\jni.cpp, line 520]
Event: 268.778 Thread 0x0000012546301ba0 Exception <a 'sun/nio/fs/WindowsException'{0x00000000d55b7f68}> (0x00000000d55b7f68) 
thrown [s\src\hotspot\share\prims\jni.cpp, line 520]

ZGC Phase Switch (0 events):
No events

VM Operations (20 events):
Event: 273.100 Executing safepoint VM operation: ParallelGCFailedAllocation (Allocation Failure) done
Event: 273.301 Executing safepoint VM operation: ParallelGCFailedAllocation (Allocation Failure)
Event: 273.304 Executing safepoint VM operation: ParallelGCFailedAllocation (Allocation Failure) done
Event: 273.330 Executing safepoint VM operation: ParallelGCFailedAllocation (Allocation Failure)
Event: 273.332 Executing safepoint VM operation: ParallelGCFailedAllocation (Allocation Failure) done
Event: 273.362 Executing safepoint VM operation: ParallelGCFailedAllocation (Allocation Failure)
Event: 273.366 Executing safepoint VM operation: ParallelGCFailedAllocation (Allocation Failure) done
Event: 273.389 Executing safepoint VM operation: ParallelGCFailedAllocation (Allocation Failure)
Event: 273.391 Executing safepoint VM operation: ParallelGCFailedAllocation (Allocation Failure) done
Event: 273.413 Executing safepoint VM operation: ParallelGCFailedAllocation (Allocation Failure)
Event: 273.415 Executing safepoint VM operation: ParallelGCFailedAllocation (Allocation Failure) done
Event: 273.437 Executing safepoint VM operation: ParallelGCFailedAllocation (Allocation Failure)
Event: 273.438 Executing safepoint VM operation: ParallelGCFailedAllocation (Allocation Failure) done
Event: 273.479 Executing safepoint VM operation: ParallelGCFailedAllocation (Allocation Failure)
Event: 273.481 Executing safepoint VM operation: ParallelGCFailedAllocation (Allocation Failure) done
Event: 273.496 Executing safepoint VM operation: ParallelGCFailedAllocation (Allocation Failure)
Event: 273.496 Executing safepoint VM operation: ParallelGCFailedAllocation (Allocation Failure) done
Event: 273.496 Executing safepoint VM operation: ParallelGCSystemGC (GCLocker Initiated GC)
Event: 273.500 Executing safepoint VM operation: ParallelGCSystemGC (GCLocker Initiated GC) done
Event: 273.567 Executing safepoint VM operation: ParallelGCFailedAllocation (Allocation Failure)

Memory protections (0 events):
No events

Nmethod flushes (20 events):
Event: 32.159 Thread 0x000001256ac0dbe0 flushing  nmethod 0x00000125708c8310
Event: 32.159 Thread 0x000001256ac0dbe0 flushing  nmethod 0x00000125708e9d90
Event: 32.159 Thread 0x000001256ac0dbe0 flushing  nmethod 0x000001257094b490
Event: 32.159 Thread 0x000001256ac0dbe0 flushing  nmethod 0x0000012570961090
Event: 32.159 Thread 0x000001256ac0dbe0 flushing  nmethod 0x0000012570966310
Event: 32.159 Thread 0x000001256ac0dbe0 flushing  nmethod 0x000001257097a310
Event: 32.159 Thread 0x000001256ac0dbe0 flushing  nmethod 0x0000012570982c90
Event: 32.159 Thread 0x000001256ac0dbe0 flushing  nmethod 0x0000012570983390
Event: 32.159 Thread 0x000001256ac0dbe0 flushing  nmethod 0x0000012570984c10
Event: 32.159 Thread 0x000001256ac0dbe0 flushing  nmethod 0x0000012570985210
Event: 32.159 Thread 0x000001256ac0dbe0 flushing  nmethod 0x0000012570985a90
Event: 32.159 Thread 0x000001256ac0dbe0 flushing  nmethod 0x0000012570987c10
Event: 32.159 Thread 0x000001256ac0dbe0 flushing  nmethod 0x000001257099f910
Event: 32.159 Thread 0x000001256ac0dbe0 flushing  nmethod 0x00000125709abc90
Event: 32.159 Thread 0x000001256ac0dbe0 flushing  nmethod 0x00000125709ca390
Event: 32.159 Thread 0x000001256ac0dbe0 flushing  nmethod 0x00000125709d9d10
Event: 32.159 Thread 0x000001256ac0dbe0 flushing  nmethod 0x00000125709dad90
Event: 32.159 Thread 0x000001256ac0dbe0 flushing  nmethod 0x0000012570a3d410
Event: 32.159 Thread 0x000001256ac0dbe0 flushing  nmethod 0x0000012570a46290
Event: 32.159 Thread 0x000001256ac0dbe0 flushing  nmethod 0x0000012570a5b890

Events (20 events):
Event: 177.598 Thread 0x000001254cbef540 Thread added: 0x000001254cbed470
Event: 177.604 Thread 0x000001254cbed470 Thread added: 0x000001254cbefbd0
Event: 181.870 Thread 0x000001254cbed470 Thread added: 0x000001254cbee190
Event: 182.116 Thread 0x000001254cbee190 Thread added: 0x000001254cbee820
Event: 182.200 Thread 0x000001254cbee820 Thread added: 0x000001254cbecde0
Event: 182.389 Thread 0x000001254beece40 Thread added: 0x000001254cbf08f0
Event: 182.391 Thread 0x000001254beece40 Thread added: 0x0000012546301510
Event: 182.538 Thread 0x0000012546301510 Thread added: 0x00000125462ffad0
Event: 185.201 Thread 0x000001254de80540 Thread exited: 0x000001254de80540
Event: 189.371 Thread 0x00000125462a70a0 Thread added: 0x000001255043fbf0
Event: 189.454 Thread 0x000001254cbecde0 Thread added: 0x000001254b996f60
Event: 189.508 Thread 0x000001254cbecde0 Thread added: 0x000001254b9989a0
Event: 190.327 Thread 0x000001255043fbf0 Thread exited: 0x000001255043fbf0
Event: 244.619 Thread 0x00000125462a70a0 Thread added: 0x000001254b388b90
Event: 247.529 Thread 0x000001254b388b90 Thread exited: 0x000001254b388b90
Event: 249.651 Thread 0x000001254b9989a0 Thread exited: 0x000001254b9989a0
Event: 268.788 Thread 0x00000125462a70a0 Thread added: 0x000001254b38c210
Event: 269.216 Thread 0x00000125462a70a0 Thread added: 0x000001254b38ada0
Event: 271.873 Thread 0x000001254b38ada0 Thread exited: 0x000001254b38ada0
Event: 272.741 Thread 0x000001254b38c210 Thread exited: 0x000001254b38c210


Dynamic libraries:
0x00007ff7ba080000 - 0x00007ff7ba08e000 	c:\Users\Mai Hong Loi\.vscode\extensions\redhat.java-1.54.0-win32-x64\jre\21.0.10-win32-x86_64\bin\java.exe
0x00007ff94ea80000 - 0x00007ff94ece7000 	C:\WINDOWS\SYSTEM32\ntdll.dll
0x00007ff94d260000 - 0x00007ff94d329000 	C:\WINDOWS\System32\KERNEL32.DLL
0x00007ff94b600000 - 0x00007ff94b9f7000 	C:\WINDOWS\System32\KERNELBASE.dll
0x00007ff948740000 - 0x00007ff9487e0000 	C:\WINDOWS\SYSTEM32\apphelp.dll
0x00007ff94b4b0000 - 0x00007ff94b5fb000 	C:\WINDOWS\System32\ucrtbase.dll
0x00007ff90f8d0000 - 0x00007ff90f8e8000 	c:\Users\Mai Hong Loi\.vscode\extensions\redhat.java-1.54.0-win32-x64\jre\21.0.10-win32-x86_64\bin\jli.dll
0x00007ff90dff0000 - 0x00007ff90e00e000 	c:\Users\Mai Hong Loi\.vscode\extensions\redhat.java-1.54.0-win32-x64\jre\21.0.10-win32-x86_64\bin\VCRUNTIME140.dll
0x00007ff94d090000 - 0x00007ff94d256000 	C:\WINDOWS\System32\USER32.dll
0x00007ff94c460000 - 0x00007ff94c487000 	C:\WINDOWS\System32\win32u.dll
0x00007ff94e940000 - 0x00007ff94e96b000 	C:\WINDOWS\System32\GDI32.dll
0x00007ff94c490000 - 0x00007ff94c5bc000 	C:\WINDOWS\System32\gdi32full.dll
0x00007ff94c320000 - 0x00007ff94c3c3000 	C:\WINDOWS\System32\msvcp_win.dll
0x00007ff92db50000 - 0x00007ff92dde2000 	C:\WINDOWS\WinSxS\amd64_microsoft.windows.common-controls_6595b64144ccf1df_6.0.26100.8457_none_3e0b2faee331e92d\COMCTL32.dll
0x00007ff94ca80000 - 0x00007ff94cb29000 	C:\WINDOWS\System32\msvcrt.dll
0x00007ff94cc60000 - 0x00007ff94cc92000 	C:\WINDOWS\System32\IMM32.DLL
0x00007ff926510000 - 0x00007ff92651c000 	c:\Users\Mai Hong Loi\.vscode\extensions\redhat.java-1.54.0-win32-x64\jre\21.0.10-win32-x86_64\bin\vcruntime140_1.dll
0x00007ff8b08d0000 - 0x00007ff8b095d000 	c:\Users\Mai Hong Loi\.vscode\extensions\redhat.java-1.54.0-win32-x64\jre\21.0.10-win32-x86_64\bin\msvcp140.dll
0x00007ff879fa0000 - 0x00007ff87ad41000 	c:\Users\Mai Hong Loi\.vscode\extensions\redhat.java-1.54.0-win32-x64\jre\21.0.10-win32-x86_64\bin\server\jvm.dll
0x00007ff94e970000 - 0x00007ff94ea26000 	C:\WINDOWS\System32\ADVAPI32.dll
0x00007ff94cfe0000 - 0x00007ff94d087000 	C:\WINDOWS\System32\sechost.dll
0x00007ff94c960000 - 0x00007ff94ca78000 	C:\WINDOWS\System32\RPCRT4.dll
0x00007ff94cd60000 - 0x00007ff94cde0000 	C:\WINDOWS\System32\WS2_32.dll
0x00007ff94b310000 - 0x00007ff94b36e000 	C:\WINDOWS\SYSTEM32\POWRPROF.dll
0x00007ff949520000 - 0x00007ff949556000 	C:\WINDOWS\SYSTEM32\WINMM.dll
0x00007ff944260000 - 0x00007ff94426b000 	C:\WINDOWS\SYSTEM32\VERSION.dll
0x00007ff94b2f0000 - 0x00007ff94b304000 	C:\WINDOWS\SYSTEM32\UMPDC.dll
0x00007ff94a240000 - 0x00007ff94a25b000 	C:\WINDOWS\SYSTEM32\kernel.appcore.dll
0x00007ff917fc0000 - 0x00007ff917fca000 	c:\Users\Mai Hong Loi\.vscode\extensions\redhat.java-1.54.0-win32-x64\jre\21.0.10-win32-x86_64\bin\jimage.dll
0x00007ff949230000 - 0x00007ff949472000 	C:\WINDOWS\SYSTEM32\DBGHELP.DLL
0x00007ff94e530000 - 0x00007ff94e8b3000 	C:\WINDOWS\System32\combase.dll
0x00007ff94e0d0000 - 0x00007ff94e1a9000 	C:\WINDOWS\System32\OLEAUT32.dll
0x00007ff9494e0000 - 0x00007ff94951b000 	C:\WINDOWS\SYSTEM32\dbgcore.DLL
0x00007ff94c270000 - 0x00007ff94c318000 	C:\WINDOWS\System32\bcryptPrimitives.dll
0x00007ff915d80000 - 0x00007ff915d8f000 	c:\Users\Mai Hong Loi\.vscode\extensions\redhat.java-1.54.0-win32-x64\jre\21.0.10-win32-x86_64\bin\instrument.dll
0x00007ff90b920000 - 0x00007ff90b940000 	c:\Users\Mai Hong Loi\.vscode\extensions\redhat.java-1.54.0-win32-x64\jre\21.0.10-win32-x86_64\bin\java.dll
0x00007ff94d3b0000 - 0x00007ff94db1e000 	C:\WINDOWS\System32\SHELL32.dll
0x00007ff94ba00000 - 0x00007ff94c26c000 	C:\WINDOWS\System32\windows.storage.dll
0x00007ff94c860000 - 0x00007ff94c956000 	C:\WINDOWS\System32\SHCORE.dll
0x00007ff94e1c0000 - 0x00007ff94e226000 	C:\WINDOWS\System32\shlwapi.dll
0x00007ff94b3d0000 - 0x00007ff94b3f9000 	C:\WINDOWS\SYSTEM32\profapi.dll
0x00007ff908ba0000 - 0x00007ff908bb8000 	c:\Users\Mai Hong Loi\.vscode\extensions\redhat.java-1.54.0-win32-x64\jre\21.0.10-win32-x86_64\bin\zip.dll
0x00007ff915d40000 - 0x00007ff915d50000 	C:\Users\Mai Hong Loi\.vscode\extensions\redhat.java-1.54.0-win32-x64\jre\21.0.10-win32-x86_64\bin\net.dll
0x00007ff944820000 - 0x00007ff944949000 	C:\WINDOWS\SYSTEM32\WINHTTP.dll
0x00007ff94a7b0000 - 0x00007ff94a81c000 	C:\WINDOWS\system32\mswsock.dll
0x00007ff900720000 - 0x00007ff900736000 	C:\Users\Mai Hong Loi\.vscode\extensions\redhat.java-1.54.0-win32-x64\jre\21.0.10-win32-x86_64\bin\nio.dll
0x00007ff915d70000 - 0x00007ff915d80000 	c:\Users\Mai Hong Loi\.vscode\extensions\redhat.java-1.54.0-win32-x64\jre\21.0.10-win32-x86_64\bin\verify.dll
0x00007ff8fc940000 - 0x00007ff8fc985000 	C:\Users\Mai Hong Loi\AppData\Roaming\Code\User\globalStorage\redhat.java\1.54.0\config_win\org.eclipse.equinox.launcher\org.eclipse.equinox.launcher.win32.win32.x86_64_1.3.0.v20260203-2149\eclipse_11919.dll
0x00007ff94e390000 - 0x00007ff94e527000 	C:\WINDOWS\System32\ole32.dll
0x00007ff94aa90000 - 0x00007ff94aaab000 	C:\WINDOWS\SYSTEM32\CRYPTSP.dll
0x00007ff94a1a0000 - 0x00007ff94a1d9000 	C:\WINDOWS\system32\rsaenh.dll
0x00007ff94a860000 - 0x00007ff94a893000 	C:\WINDOWS\SYSTEM32\USERENV.dll
0x00007ff94b3a0000 - 0x00007ff94b3ca000 	C:\WINDOWS\SYSTEM32\bcrypt.dll
0x00007ff94aab0000 - 0x00007ff94aabc000 	C:\WINDOWS\SYSTEM32\CRYPTBASE.dll
0x00007ff949d00000 - 0x00007ff949d32000 	C:\WINDOWS\SYSTEM32\IPHLPAPI.DLL
0x00007ff94ea30000 - 0x00007ff94ea3a000 	C:\WINDOWS\System32\NSI.dll
0x00007ff8e0530000 - 0x00007ff8e0579000 	C:\Users\Mai Hong Loi\AppData\Local\Temp\jna-1583107761\jna3254708504879868249.dll
0x00007ff94e1b0000 - 0x00007ff94e1b8000 	C:\WINDOWS\System32\PSAPI.DLL
0x00007ff944f10000 - 0x00007ff944f2d000 	C:\WINDOWS\SYSTEM32\dhcpcsvc6.DLL
0x00007ff944e40000 - 0x00007ff944e65000 	C:\WINDOWS\SYSTEM32\dhcpcsvc.DLL
0x00007ff945f60000 - 0x00007ff945f6e000 	C:\Users\Mai Hong Loi\.vscode\extensions\redhat.java-1.54.0-win32-x64\jre\21.0.10-win32-x86_64\bin\sunmscapi.dll
0x00007ff94c5c0000 - 0x00007ff94c738000 	C:\WINDOWS\System32\CRYPT32.dll
0x00007ff94acb0000 - 0x00007ff94ace0000 	C:\WINDOWS\SYSTEM32\ncrypt.dll
0x00007ff94ac60000 - 0x00007ff94ac9f000 	C:\WINDOWS\SYSTEM32\NTASN1.dll
0x00007ff949d40000 - 0x00007ff949e72000 	C:\WINDOWS\SYSTEM32\DNSAPI.dll
0x00007ff940f50000 - 0x00007ff940f5b000 	C:\Windows\System32\rasadhlp.dll
0x00007ff945650000 - 0x00007ff9456d6000 	C:\WINDOWS\System32\fwpuclnt.dll
0x00007ff9432e0000 - 0x00007ff9432e9000 	C:\Users\Mai Hong Loi\.vscode\extensions\redhat.java-1.54.0-win32-x64\jre\21.0.10-win32-x86_64\bin\extnet.dll
0x00007ff9006b0000 - 0x00007ff9006d7000 	C:\Users\Mai Hong Loi\.gradle\native\1def1411415f61bf3af743bc5b6707747c0891f09f0c88961ee8f79bc544acac\windows-amd64\native-platform.dll
0x00007ff92a9f0000 - 0x00007ff92a9fa000 	C:\Users\Mai Hong Loi\.vscode\extensions\redhat.java-1.54.0-win32-x64\jre\21.0.10-win32-x86_64\bin\management.dll
0x00007ff9106d0000 - 0x00007ff9106dc000 	C:\Users\Mai Hong Loi\.vscode\extensions\redhat.java-1.54.0-win32-x64\jre\21.0.10-win32-x86_64\bin\management_ext.dll
0x00007ff905360000 - 0x00007ff905368000 	C:\WINDOWS\system32\wshunix.dll

JVMTI agents:
c:\Users\Mai Hong Loi\.vscode\extensions\redhat.java-1.54.0-win32-x64\lombok\lombok-1.18.39-4050.jar path:c:\Users\Mai Hong Loi\.vscode\extensions\redhat.java-1.54.0-win32-x64\jre\21.0.10-win32-x86_64\bin\instrument.dll, loaded, initialized, instrumentlib options:none

dbghelp: loaded successfully - version: 4.0.5 - missing functions: none
symbol engine: initialized successfully - sym options: 0x614 - pdb path: .;c:\Users\Mai Hong Loi\.vscode\extensions\redhat.java-1.54.0-win32-x64\jre\21.0.10-win32-x86_64\bin;C:\WINDOWS\SYSTEM32;C:\WINDOWS\WinSxS\amd64_microsoft.windows.common-controls_6595b64144ccf1df_6.0.26100.8457_none_3e0b2faee331e92d;c:\Users\Mai Hong Loi\.vscode\extensions\redhat.java-1.54.0-win32-x64\jre\21.0.10-win32-x86_64\bin\server;C:\Users\Mai Hong Loi\AppData\Roaming\Code\User\globalStorage\redhat.java\1.54.0\config_win\org.eclipse.equinox.launcher\org.eclipse.equinox.launcher.win32.win32.x86_64_1.3.0.v20260203-2149;C:\Users\Mai Hong Loi\AppData\Local\Temp\jna-1583107761;C:\Users\Mai Hong Loi\.gradle\native\1def1411415f61bf3af743bc5b6707747c0891f09f0c88961ee8f79bc544acac\windows-amd64

VM Arguments:
jvm_args: --add-modules=ALL-SYSTEM --add-opens=java.base/java.util=ALL-UNNAMED --add-opens=java.base/java.lang=ALL-UNNAMED --add-opens=java.base/sun.nio.fs=ALL-UNNAMED -Declipse.application=org.eclipse.jdt.ls.core.id1 -Dosgi.bundles.defaultStartLevel=4 -Declipse.product=org.eclipse.jdt.ls.core.product -Djava.import.generatesMetadataFilesAtProjectRoot=false -DDetectVMInstallationsJob.disabled=true -Dfile.encoding=utf8 -XX:+UseParallelGC -XX:GCTimeRatio=4 -XX:AdaptiveSizePolicyWeight=90 -Dsun.zip.disableMemoryMapping=true -Xmx2G -Xms100m -Xlog:disable -javaagent:c:\Users\Mai Hong Loi\.vscode\extensions\redhat.java-1.54.0-win32-x64\lombok\lombok-1.18.39-4050.jar -XX:+HeapDumpOnOutOfMemoryError -XX:HeapDumpPath=c:\Users\Mai Hong Loi\AppData\Roaming\Code\User\workspaceStorage\71c03c04685edd94d5a8405ed45029da\redhat.java -Daether.dependencyCollector.impl=bf 
java_command: c:\Users\Mai Hong Loi\.vscode\extensions\redhat.java-1.54.0-win32-x64\server\plugins\org.eclipse.equinox.launcher_1.7.100.v20251111-0406.jar -configuration c:\Users\Mai Hong Loi\AppData\Roaming\Code\User\globalStorage\redhat.java\1.54.0\config_win -data c:\Users\Mai Hong Loi\AppData\Roaming\Code\User\workspaceStorage\71c03c04685edd94d5a8405ed45029da\redhat.java\jdt_ws --pipe=\\.\pipe\lsp-8ba66104ab9bebff044ca1d95a156e98-sock
java_class_path (initial): c:\Users\Mai Hong Loi\.vscode\extensions\redhat.java-1.54.0-win32-x64\server\plugins\org.eclipse.equinox.launcher_1.7.100.v20251111-0406.jar
Launcher Type: SUN_STANDARD

[Global flags]
    uintx AdaptiveSizePolicyWeight                 = 90                                        {product} {command line}
     intx CICompilerCount                          = 4                                         {product} {ergonomic}
    uintx GCTimeRatio                              = 4                                         {product} {command line}
     bool HeapDumpOnOutOfMemoryError               = true                                   {manageable} {command line}
    ccstr HeapDumpPath                             = c:\Users\Mai Hong Loi\AppData\Roaming\Code\User\workspaceStorage\71c03c04685edd94d5a8405ed45029da\redhat.java         {manageable} {command line}
   size_t InitialHeapSize                          = 104857600                                 {product} {command line}
   size_t MaxHeapSize                              = 2147483648                                {product} {command line}
   size_t MaxNewSize                               = 715653120                                 {product} {ergonomic}
   size_t MinHeapDeltaBytes                        = 524288                                    {product} {ergonomic}
   size_t MinHeapSize                              = 104857600                                 {product} {command line}
   size_t NewSize                                  = 34603008                                  {product} {ergonomic}
    uintx NonNMethodCodeHeapSize                   = 5839372                                {pd product} {ergonomic}
    uintx NonProfiledCodeHeapSize                  = 122909434                              {pd product} {ergonomic}
   size_t OldSize                                  = 70254592                                  {product} {ergonomic}
    uintx ProfiledCodeHeapSize                     = 122909434                              {pd product} {ergonomic}
    uintx ReservedCodeCacheSize                    = 251658240                              {pd product} {ergonomic}
     bool SegmentedCodeCache                       = true                                      {product} {ergonomic}
   size_t SoftMaxHeapSize                          = 2147483648                             {manageable} {ergonomic}
     bool UseCompressedOops                        = true                           {product lp64_product} {ergonomic}
     bool UseLargePagesIndividualAllocation        = false                                  {pd product} {ergonomic}
     bool UseParallelGC                            = true                                      {product} {command line}

Logging:
Log output configuration:
 #0: stdout all=off uptime,level,tags foldmultilines=false
 #1: stderr all=off uptime,level,tags foldmultilines=false

Release file:
JAVA_VERSION="21.0.10" 
MODULES="java.base java.compiler java.datatransfer java.xml java.prefs java.desktop java.instrument java.logging java.management java.security.sasl java.naming java.rmi java.management.rmi java.net.http java.scripting java.security.jgss java.transaction.xa java.sql java.sql.rowset java.xml.crypto java.se java.smartcardio jdk.accessibility jdk.internal.jvmstat jdk.attach jdk.charsets jdk.internal.opt jdk.zipfs jdk.compiler jdk.crypto.ec jdk.crypto.cryptoki jdk.crypto.mscapi jdk.dynalink jdk.internal.ed jdk.editpad jdk.hotspot.agent jdk.httpserver jdk.internal.le jdk.internal.vm.ci jdk.internal.vm.compiler jdk.internal.vm.compiler.management jdk.jartool jdk.javadoc jdk.jcmd jdk.management jdk.management.agent jdk.jconsole jdk.jdeps jdk.jdwp.agent jdk.jdi jdk.jfr jdk.jshell jdk.jsobject jdk.jstatd jdk.localedata jdk.management.jfr jdk.naming.dns jdk.naming.rmi jdk.net jdk.nio.mapmode jdk.random jdk.sctp jdk.security.auth jdk.security.jgss jdk.unsupported jdk.unsupported.desktop jdk.xml.dom" 

Environment Variables:
JAVA_HOME=C:\Program Files\Android\Android Studio\jbr
PATH=C:\Program Files\Eclipse Adoptium\jdk-17.0.19.10-hotspot\bin;C:\Program Files (x86)\VMware\VMware Workstation\bin\;C:\WINDOWS\system32;C:\WINDOWS;C:\WINDOWS\System32\Wbem;C:\WINDOWS\System32\WindowsPowerShell\v1.0\;C:\WINDOWS\System32\OpenSSH\;C:\Program Files\Microsoft SQL Server\150\Tools\Binn\;C:\Program Files\Microsoft SQL Server\Client SDK\ODBC\170\Tools\Binn\;C:\Program Files (x86)\Microsoft SQL Server\160\Tools\Binn\;C:\Program Files\Microsoft SQL Server\160\Tools\Binn\;C:\Program Files\Microsoft SQL Server\160\DTS\Binn\;C:\Program Files\Microsoft SQL Server\110\Tools\Binn\;C:\Program Files (x86)\Microsoft SQL Server\150\Tools\Binn\;C:\Program Files\Microsoft SQL Server\150\DTS\Binn\;C:\Program Files (x86)\Microsoft SQL Server\160\DTS\Binn\;C:\Program Files\dotnet\;C:\Program Files\nodejs\;C:\Program Files\nodejs;C:\Program Files\Docker\Docker\resources\bin;D:\cursor\resources\app\bin;C:\Program Files\php-8.3.26-Win32-vs16-x64;D:\xampp\php;C:\Program Files\Git\cmd;C:\Program Files (x86)\VMware\VMware Workstation\bin\;C:\WINDOWS\system32;C:\WINDOWS;C:\WINDOWS\System32\Wbem;C:\WINDOWS\System32\WindowsPowerShell\v1.0\;C:\WINDOWS\System32\OpenSSH\;C:\Program Files\Microsoft SQL Server\150\Tools\Binn\;C:\Program Files\Microsoft SQL Server\Client SDK\ODBC\170\Tools\Binn\;C:\Program Files (x86)\Microsoft SQL Server\160\Tools\Binn\;C:\Program Files\Microsoft SQL Server\160\Tools\Binn\;C:\Program Files\Microsoft SQL Server\160\DTS\Binn\;C:\Program Files\Microsoft SQL Server\110\Tools\Binn\;C:\Program Files (x86)\Microsoft SQL Server\150\Tools\Binn\;C:\Program Files\Microsoft SQL Server\150\DTS\Binn\;C:\Program Files (x86)\Microsoft SQL Server\160\DTS\Binn\;C:\Program Files\dotnet\;C:\Program Files\nodejs\;C:\Program Files\nodejs;C:\Program Files\Docker\Docker\resources\bin;D:\cursor\resources\app\bin;C:\Program Files\php-8.3.26-Win32-vs16-x64;D:\xampp\php;C:\Program Files\Git\cmd;C:\Program Files (x86)\VMware\VMware Workstation\bin\;C:\WINDOWS\system32;C:\WINDOWS;C:\WINDOWS\System32\Wbem;C:\WINDOWS\System32\WindowsPowerShell\v1.0\;C:\WINDOWS\System32\OpenSSH\;C:\Program Files\Microsoft SQL Server\150\Tools\Binn\;C:\Program Files\Microsoft SQL Server\Client SDK\ODBC\170\Tools\Binn\;C:\Program Files (x86)\Microsoft SQL Server\160\Tools\Binn\;C:\Program Files\Microsoft SQL Server\160\Tools\Binn\;C:\Program Files\Microsoft SQL Server\160\DTS\Binn\;C:\Program Files\Microsoft SQL Server\110\Tools\Binn\;C:\Program Files (x86)\Microsoft SQL Server\150\Tools\Binn\;C:\Program Files\Microsoft SQL Server\150\DTS\Binn\;C:\Program Files (x86)\Microsoft SQL Server\160\DTS\Binn\;C:\Program Files\dotnet\;C:\Program Files\nodejs\;C:\Program Files\nodejs;C:\Program Files\Docker\Docker\resources\bin;D:\cursor\resources\app\bin;C:\Program Files\php-8.3.26-Win32-vs16-x64;D:\xampp\php;C:\Program Files\Git\cmd;C:\Program Files\Android\Android Studio\jbr\bin;D:\flutter\bin;D:\flutter\bin;D:\Kiro\bin;C:\Users\Mai Hong Loi\platform-tools;C:\Users\Mai Hong Loi\AppData\Local\Programs\Microsoft VS Code\bin
USERNAME=Mai Hong Loi
OS=Windows_NT
PROCESSOR_IDENTIFIER=Intel64 Family 6 Model 140 Stepping 1, GenuineIntel
TMP=C:\Users\MAIHON~1\AppData\Local\Temp
TEMP=C:\Users\MAIHON~1\AppData\Local\Temp




Periodic native trim disabled

---------------  S Y S T E M  ---------------

OS:
 Windows 11 , 64 bit Build 26100 (10.0.26100.8328)
OS uptime: 2 days 21:06 hours

CPU: total 8 (initial active 8) (4 cores per cpu, 2 threads per core) family 6 model 140 stepping 1 microcode 0xbe, cx8, cmov, fxsr, ht, mmx, 3dnowpref, sse, sse2, sse3, ssse3, sse4.1, sse4.2, popcnt, lzcnt, tsc, tscinvbit, avx, avx2, aes, erms, clmul, bmi1, bmi2, adx, avx512f, avx512dq, avx512cd, avx512bw, avx512vl, sha, fma, vzeroupper, avx512_vpopcntdq, avx512_vpclmulqdq, avx512_vaes, avx512_vnni, clflush, clflushopt, clwb, avx512_vbmi2, avx512_vbmi, rdtscp, rdpid, fsrm, gfni, avx512_bitalg, f16c, pku, cet_ibt, cet_ss, avx512_ifma
Processor Information for processor 0
  Max Mhz: 2419, Current Mhz: 2419, Mhz Limit: 2419
Processor Information for processor 1
  Max Mhz: 2419, Current Mhz: 2419, Mhz Limit: 2419
Processor Information for processor 2
  Max Mhz: 2419, Current Mhz: 2419, Mhz Limit: 2419
Processor Information for processor 3
  Max Mhz: 2419, Current Mhz: 2419, Mhz Limit: 2419
Processor Information for processor 4
  Max Mhz: 2419, Current Mhz: 2419, Mhz Limit: 2419
Processor Information for processor 5
  Max Mhz: 2419, Current Mhz: 2419, Mhz Limit: 2419
Processor Information for processor 6
  Max Mhz: 2419, Current Mhz: 2419, Mhz Limit: 2419
Processor Information for processor 7
  Max Mhz: 2419, Current Mhz: 1209, Mhz Limit: 2419

Memory: 4k page, system-wide physical 7926M (1021M free)
TotalPageFile size 31467M (AvailPageFile size 5M)
current process WorkingSet (physical memory assigned to process): 175M, peak: 481M
current process commit charge ("private bytes"): 919M, peak: 933M

vm_info: OpenJDK 64-Bit Server VM (21.0.10+7-LTS) for windows-amd64 JRE (21.0.10+7-LTS), built on 2026-01-20T00:00:00Z by "admin" with MS VC++ 17.12 (VS2022)

END.
